{"numTotalTestSuites":15,"numPassedTestSuites":15,"numFailedTestSuites":0,"numPendingTestSuites":0,"numTotalTests":45,"numPassedTests":45,"numFailedTests":0,"numPendingTests":0,"numTodoTests":0,"snapshot":{"added":0,"failure":false,"filesAdded":0,"filesRemoved":0,"filesRemovedList":[],"filesUnmatched":0,"filesUpdated":0,"matched":0,"total":0,"unchecked":0,"uncheckedKeysByFile":[],"unmatched":0,"updated":0,"didUpdate":false},"startTime":1778655123538,"success":true,"testResults":[{"assertionResults":[{"ancestorTitles":["digestProjectGroup"],"fullName":"digestProjectGroup counts user turns and assistant chars across sessions","status":"passed","title":"counts user turns and assistant chars across sessions","duration":1.5280000000002474,"failureMessages":[],"meta":{}},{"ancestorTitles":["digestProjectGroup"],"fullName":"digestProjectGroup excerpts first and last user message by timestamp","status":"passed","title":"excerpts first and last user message by timestamp","duration":1.6602909999996882,"failureMessages":[],"meta":{}},{"ancestorTitles":["digestProjectGroup"],"fullName":"digestProjectGroup collects distinct tools, sorted","status":"passed","title":"collects distinct tools, sorted","duration":3.378457999999682,"failureMessages":[],"meta":{}},{"ancestorTitles":["digestProjectGroup"],"fullName":"digestProjectGroup flags worktree sessions based on rawCwd","status":"passed","title":"flags worktree sessions based on rawCwd","duration":0.44970899999998437,"failureMessages":[],"meta":{}},{"ancestorTitles":["digestProjectGroup"],"fullName":"digestProjectGroup truncates long user excerpts to ≤200 chars","status":"passed","title":"truncates long user excerpts to ≤200 chars","duration":0.42991699999993216,"failureMessages":[],"meta":{}}],"startTime":1778655124405,"endTime":1778655124412.43,"status":"passed","message":"","name":"/Users/m1/projects/TeamBrain/.claude/worktrees/issue-371/packages/core/src/daily-summary/__tests__/aggregator.test.ts"},{"assertionResults":[{"ancestorTitles":["cwd-decode","encodeCwdToProjectDir"],"fullName":"cwd-decode encodeCwdToProjectDir encodes a simple absolute path","status":"passed","title":"encodes a simple absolute path","duration":0.3640420000001541,"failureMessages":[],"meta":{}},{"ancestorTitles":["cwd-decode","encodeCwdToProjectDir"],"fullName":"cwd-decode encodeCwdToProjectDir encodes a path that already contains dashes","status":"passed","title":"encodes a path that already contains dashes","duration":0.5175840000001699,"failureMessages":[],"meta":{}},{"ancestorTitles":["cwd-decode","encodeCwdToProjectDir"],"fullName":"cwd-decode encodeCwdToProjectDir encodes a worktree dotfile path","status":"passed","title":"encodes a worktree dotfile path","duration":0.41762500000004366,"failureMessages":[],"meta":{}},{"ancestorTitles":["cwd-decode","decodeProjectDirToCwd"],"fullName":"cwd-decode decodeProjectDirToCwd decodes a simple project dir","status":"passed","title":"decodes a simple project dir","duration":0.39649999999983265,"failureMessages":[],"meta":{}},{"ancestorTitles":["cwd-decode","decodeProjectDirToCwd"],"fullName":"cwd-decode decodeProjectDirToCwd returns input unchanged when not Claude-encoded","status":"passed","title":"returns input unchanged when not Claude-encoded","duration":0.7279170000001614,"failureMessages":[],"meta":{}},{"ancestorTitles":["cwd-decode","decodeProjectDirToCwd"],"fullName":"cwd-decode decodeProjectDirToCwd documents the lossy `-` ambiguity (path with embedded dash)","status":"passed","title":"documents the lossy `-` ambiguity (path with embedded dash)","duration":0.5317919999997684,"failureMessages":[],"meta":{}},{"ancestorTitles":["cwd-decode","round-trip (dash-free paths)"],"fullName":"cwd-decode round-trip (dash-free paths) round-trips /Users/m1/projects/TeamBrain","status":"passed","title":"round-trips /Users/m1/projects/TeamBrain","duration":0.1915830000002643,"failureMessages":[],"meta":{}},{"ancestorTitles":["cwd-decode","round-trip (dash-free paths)"],"fullName":"cwd-decode round-trip (dash-free paths) round-trips /home/alice/repos/foo","status":"passed","title":"round-trips /home/alice/repos/foo","duration":0.1459999999997308,"failureMessages":[],"meta":{}},{"ancestorTitles":["cwd-decode","round-trip (dash-free paths)"],"fullName":"cwd-decode round-trip (dash-free paths) round-trips /tmp/probe","status":"passed","title":"round-trips /tmp/probe","duration":0.49070800000026793,"failureMessages":[],"meta":{}}],"startTime":1778655124426,"endTime":1778655124430.4907,"status":"passed","message":"","name":"/Users/m1/projects/TeamBrain/.claude/worktrees/issue-371/packages/core/src/daily-summary/__tests__/cwd-decode.test.ts"},{"assertionResults":[{"ancestorTitles":["toProjectKey"],"fullName":"toProjectKey returns plain cwd for a host repo path","status":"passed","title":"returns plain cwd for a host repo path","duration":0.30820800000037707,"failureMessages":[],"meta":{}},{"ancestorTitles":["toProjectKey"],"fullName":"toProjectKey folds .codex/worktrees back to host repo","status":"passed","title":"folds .codex/worktrees back to host repo","duration":0.34262500000022555,"failureMessages":[],"meta":{}},{"ancestorTitles":["toProjectKey"],"fullName":"toProjectKey folds .claude/worktrees back to host repo","status":"passed","title":"folds .claude/worktrees back to host repo","duration":0.24720799999977316,"failureMessages":[],"meta":{}},{"ancestorTitles":["toProjectKey"],"fullName":"toProjectKey differentiates two distinct repos with the same basename","status":"passed","title":"differentiates two distinct repos with the same basename","duration":0.4759169999997539,"failureMessages":[],"meta":{}},{"ancestorTitles":["toProjectKey"],"fullName":"toProjectKey handles trailing slash gracefully","status":"passed","title":"handles trailing slash gracefully","duration":0.5620840000001408,"failureMessages":[],"meta":{}}],"startTime":1778655124444,"endTime":1778655124446.562,"status":"passed","message":"","name":"/Users/m1/projects/TeamBrain/.claude/worktrees/issue-371/packages/core/src/daily-summary/__tests__/project-key.test.ts"},{"assertionResults":[{"ancestorTitles":["matchPrompt (sync)"],"fullName":"matchPrompt (sync) fires on default whitelist phrase: 总结一下今天的日报","status":"passed","title":"fires on default whitelist phrase: 总结一下今天的日报","duration":0.6053340000003118,"failureMessages":[],"meta":{}},{"ancestorTitles":["matchPrompt (sync)"],"fullName":"matchPrompt (sync) fires on default whitelist phrase: 总结今天的日报","status":"passed","title":"fires on default whitelist phrase: 总结今天的日报","duration":0.23187499999994543,"failureMessages":[],"meta":{}},{"ancestorTitles":["matchPrompt (sync)"],"fullName":"matchPrompt (sync) fires on default whitelist phrase: 今日日报","status":"passed","title":"fires on default whitelist phrase: 今日日报","duration":0.1774169999998776,"failureMessages":[],"meta":{}},{"ancestorTitles":["matchPrompt (sync)"],"fullName":"matchPrompt (sync) fires on default whitelist phrase: 生成日报","status":"passed","title":"fires on default whitelist phrase: 生成日报","duration":0.15291600000000471,"failureMessages":[],"meta":{}},{"ancestorTitles":["matchPrompt (sync)"],"fullName":"matchPrompt (sync) fires on default whitelist phrase: daily summary today","status":"passed","title":"fires on default whitelist phrase: daily summary today","duration":0.4166250000002947,"failureMessages":[],"meta":{}},{"ancestorTitles":["matchPrompt (sync)"],"fullName":"matchPrompt (sync) fires on default whitelist phrase: today's daily summary","status":"passed","title":"fires on default whitelist phrase: today's daily summary","duration":0.1854590000002645,"failureMessages":[],"meta":{}},{"ancestorTitles":["matchPrompt (sync)"],"fullName":"matchPrompt (sync) fires on whitelist phrase embedded in larger prompt","status":"passed","title":"fires on whitelist phrase embedded in larger prompt","duration":0.17524999999977808,"failureMessages":[],"meta":{}},{"ancestorTitles":["matchPrompt (sync)"],"fullName":"matchPrompt (sync) fires on slash command: /daily","status":"passed","title":"fires on slash command: /daily","duration":0.13858399999980975,"failureMessages":[],"meta":{}},{"ancestorTitles":["matchPrompt (sync)"],"fullName":"matchPrompt (sync) fires on slash command: /daily --archive","status":"passed","title":"fires on slash command: /daily --archive","duration":0.11241700000027777,"failureMessages":[],"meta":{}},{"ancestorTitles":["matchPrompt (sync)"],"fullName":"matchPrompt (sync) fires on slash command: /daily\nplease","status":"passed","title":"fires on slash command: /daily\nplease","duration":0.11304199999995035,"failureMessages":[],"meta":{}},{"ancestorTitles":["matchPrompt (sync)"],"fullName":"matchPrompt (sync) does not fire on unrelated prompts","status":"passed","title":"does not fire on unrelated prompts","duration":0.15262499999971624,"failureMessages":[],"meta":{}},{"ancestorTitles":["matchPrompt (sync)"],"fullName":"matchPrompt (sync) does not fire on 日报 keyword without whitelist match (sync path)","status":"passed","title":"does not fire on 日报 keyword without whitelist match (sync path)","duration":0.16899999999986903,"failureMessages":[],"meta":{}},{"ancestorTitles":["matchPrompt (sync)"],"fullName":"matchPrompt (sync) honors disabled flag","status":"passed","title":"honors disabled flag","duration":0.1714590000001408,"failureMessages":[],"meta":{}},{"ancestorTitles":["matchPrompt (sync)"],"fullName":"matchPrompt (sync) honors extraTriggers","status":"passed","title":"honors extraTriggers","duration":0.20970799999986411,"failureMessages":[],"meta":{}},{"ancestorTitles":["matchPromptWithIntentCheck (async)"],"fullName":"matchPromptWithIntentCheck (async) returns sync match if whitelist already fired","status":"passed","title":"returns sync match if whitelist already fired","duration":0.2595829999995658,"failureMessages":[],"meta":{}},{"ancestorTitles":["matchPromptWithIntentCheck (async)"],"fullName":"matchPromptWithIntentCheck (async) returns passthrough if no daily keyword present (regardless of checker)","status":"passed","title":"returns passthrough if no daily keyword present (regardless of checker)","duration":0.2547079999999369,"failureMessages":[],"meta":{}},{"ancestorTitles":["matchPromptWithIntentCheck (async)"],"fullName":"matchPromptWithIntentCheck (async) calls intentChecker when keyword present but whitelist missed","status":"passed","title":"calls intentChecker when keyword present but whitelist missed","duration":0.2450000000003456,"failureMessages":[],"meta":{}},{"ancestorTitles":["matchPromptWithIntentCheck (async)"],"fullName":"matchPromptWithIntentCheck (async) degrades gracefully when intentChecker is not provided","status":"passed","title":"degrades gracefully when intentChecker is not provided","duration":0.18887500000028012,"failureMessages":[],"meta":{}},{"ancestorTitles":["matchPromptWithIntentCheck (async)"],"fullName":"matchPromptWithIntentCheck (async) treats intent-checker rejection as passthrough","status":"passed","title":"treats intent-checker rejection as passthrough","duration":0.19970800000010058,"failureMessages":[],"meta":{}},{"ancestorTitles":["matchPromptWithIntentCheck (async)"],"fullName":"matchPromptWithIntentCheck (async) treats intent-checker error as passthrough","status":"passed","title":"treats intent-checker error as passthrough","duration":0.29941599999983737,"failureMessages":[],"meta":{}},{"ancestorTitles":["parseExtraTriggersEnv"],"fullName":"parseExtraTriggersEnv returns [] for undefined and empty","status":"passed","title":"returns [] for undefined and empty","duration":0.43687499999987267,"failureMessages":[],"meta":{}},{"ancestorTitles":["parseExtraTriggersEnv"],"fullName":"parseExtraTriggersEnv splits, trims, and drops empties","status":"passed","title":"splits, trims, and drops empties","duration":0.23554200000035053,"failureMessages":[],"meta":{}}],"startTime":1778655124319,"endTime":1778655124325.2356,"status":"passed","message":"","name":"/Users/m1/projects/TeamBrain/.claude/worktrees/issue-371/packages/core/src/daily-summary/__tests__/prompt-matcher.test.ts"},{"assertionResults":[{"ancestorTitles":["scanTodayActivity"],"fullName":"scanTodayActivity returns empty when projects root does not exist","status":"passed","title":"returns empty when projects root does not exist","duration":3.4583330000000387,"failureMessages":[],"meta":{}},{"ancestorTitles":["scanTodayActivity"],"fullName":"scanTodayActivity filters out yesterday's sessions by mtime","status":"passed","title":"filters out yesterday's sessions by mtime","duration":3.4080409999996846,"failureMessages":[],"meta":{}},{"ancestorTitles":["scanTodayActivity"],"fullName":"scanTodayActivity merges a worktree session back to the host project","status":"passed","title":"merges a worktree session back to the host project","duration":1.6182919999996557,"failureMessages":[],"meta":{}},{"ancestorTitles":["scanTodayActivity"],"fullName":"scanTodayActivity treats distinct repos as distinct groups","status":"passed","title":"treats distinct repos as distinct groups","duration":29.45475000000033,"failureMessages":[],"meta":{}}],"startTime":1778655124227,"endTime":1778655124264.4548,"status":"passed","message":"","name":"/Users/m1/projects/TeamBrain/.claude/worktrees/issue-371/packages/core/src/daily-summary/__tests__/scanner.test.ts"}]}