{"numTotalTestSuites":6,"numPassedTestSuites":6,"numFailedTestSuites":0,"numPendingTestSuites":0,"numTotalTests":18,"numPassedTests":18,"numFailedTests":0,"numPendingTests":0,"numTodoTests":0,"snapshot":{"added":0,"failure":false,"filesAdded":0,"filesRemoved":0,"filesRemovedList":[],"filesUnmatched":0,"filesUpdated":0,"matched":0,"total":0,"unchecked":0,"uncheckedKeysByFile":[],"unmatched":0,"updated":0,"didUpdate":false},"startTime":1778655127911,"success":true,"testResults":[{"assertionResults":[{"ancestorTitles":["UserPromptSubmit ↔ daily-summary wiring"],"fullName":"UserPromptSubmit ↔ daily-summary wiring does not fire daily-summary on unrelated prompts","status":"passed","title":"does not fire daily-summary on unrelated prompts","duration":2.159042000000227,"failureMessages":[],"meta":{}},{"ancestorTitles":["UserPromptSubmit ↔ daily-summary wiring"],"fullName":"UserPromptSubmit ↔ daily-summary wiring fires on each grill-mandated whitelist phrase","status":"passed","title":"fires on each grill-mandated whitelist phrase","duration":1.4629159999999501,"failureMessages":[],"meta":{}},{"ancestorTitles":["UserPromptSubmit ↔ daily-summary wiring"],"fullName":"UserPromptSubmit ↔ daily-summary wiring honors TEAMAGENT_DAILY_TRIGGERS env additions like the hook does","status":"passed","title":"honors TEAMAGENT_DAILY_TRIGGERS env additions like the hook does","duration":2.1141670000001795,"failureMessages":[],"meta":{}},{"ancestorTitles":["UserPromptSubmit ↔ daily-summary wiring"],"fullName":"UserPromptSubmit ↔ daily-summary wiring honors TEAMAGENT_DAILY_DISABLED=1 like the hook does","status":"passed","title":"honors TEAMAGENT_DAILY_DISABLED=1 like the hook does","duration":1.6064160000000811,"failureMessages":[],"meta":{}},{"ancestorTitles":["UserPromptSubmit ↔ daily-summary wiring"],"fullName":"UserPromptSubmit ↔ daily-summary wiring end-to-end: matcher fires → executeDaily injects context referencing today's session","status":"passed","title":"end-to-end: matcher fires → executeDaily injects context referencing today's session","duration":6.621374999999716,"failureMessages":[],"meta":{}}],"startTime":1778655129473,"endTime":1778655129487.6213,"status":"passed","message":"","name":"/Users/m1/projects/TeamBrain/.claude/worktrees/issue-371/packages/cli/src/__tests__/bin-user-prompt-submit-daily-injection.test.ts"},{"assertionResults":[{"ancestorTitles":["parseDailyArgs"],"fullName":"parseDailyArgs defaults format to json","status":"passed","title":"defaults format to json","duration":3.1315420000000813,"failureMessages":[],"meta":{}},{"ancestorTitles":["parseDailyArgs"],"fullName":"parseDailyArgs parses --help","status":"passed","title":"parses --help","duration":1.4182909999999538,"failureMessages":[],"meta":{}},{"ancestorTitles":["parseDailyArgs"],"fullName":"parseDailyArgs parses --archive","status":"passed","title":"parses --archive","duration":0.29779099999996106,"failureMessages":[],"meta":{}},{"ancestorTitles":["parseDailyArgs"],"fullName":"parseDailyArgs parses --projects-root=","status":"passed","title":"parses --projects-root=","duration":0.9707079999998314,"failureMessages":[],"meta":{}},{"ancestorTitles":["parseDailyArgs"],"fullName":"parseDailyArgs parses --format=","status":"passed","title":"parses --format=","duration":0.5060840000001008,"failureMessages":[],"meta":{}},{"ancestorTitles":["parseDailyArgs"],"fullName":"parseDailyArgs rejects unknown --format","status":"passed","title":"rejects unknown --format","duration":1.3724999999999454,"failureMessages":[],"meta":{}},{"ancestorTitles":["parseDailyArgs"],"fullName":"parseDailyArgs rejects unknown flags","status":"passed","title":"rejects unknown flags","duration":0.3397919999997612,"failureMessages":[],"meta":{}},{"ancestorTitles":["renderDailyHelp"],"fullName":"renderDailyHelp emits canonical JSON with required keys","status":"passed","title":"emits canonical JSON with required keys","duration":0.8092499999997926,"failureMessages":[],"meta":{}},{"ancestorTitles":["buildDailyResult + executeDaily integration"],"fullName":"buildDailyResult + executeDaily integration returns an empty result when there are no sessions today","status":"passed","title":"returns an empty result when there are no sessions today","duration":4.285499999999956,"failureMessages":[],"meta":{}},{"ancestorTitles":["buildDailyResult + executeDaily integration"],"fullName":"buildDailyResult + executeDaily integration aggregates a host repo and its worktree under the same display name","status":"passed","title":"aggregates a host repo and its worktree under the same display name","duration":13.889916999999969,"failureMessages":[],"meta":{}},{"ancestorTitles":["buildDailyResult + executeDaily integration"],"fullName":"buildDailyResult + executeDaily integration writes the archive to <homeDir>/.teamagent/daily/<date>.md when --archive set","status":"passed","title":"writes the archive to <homeDir>/.teamagent/daily/<date>.md when --archive set","duration":6.646708000000217,"failureMessages":[],"meta":{}},{"ancestorTitles":["buildDailyResult + executeDaily integration"],"fullName":"buildDailyResult + executeDaily integration honors TEAMAGENT_HOME for archive root","status":"passed","title":"honors TEAMAGENT_HOME for archive root","duration":6.622415999999703,"failureMessages":[],"meta":{}},{"ancestorTitles":["buildDailyResult + executeDaily integration"],"fullName":"buildDailyResult + executeDaily integration renderDailyStdout emits json by default and context on demand","status":"passed","title":"renderDailyStdout emits json by default and context on demand","duration":7.700833999999759,"failureMessages":[],"meta":{}}],"startTime":1778655129361,"endTime":1778655129410.701,"status":"passed","message":"","name":"/Users/m1/projects/TeamBrain/.claude/worktrees/issue-371/packages/cli/src/__tests__/daily.test.ts"}]}