{"numTotalTestSuites":15,"numPassedTestSuites":15,"numFailedTestSuites":0,"numPendingTestSuites":0,"numTotalTests":45,"numPassedTests":45,"numFailedTests":0,"numPendingTests":0,"numTodoTests":0,"snapshot":{"added":0,"failure":false,"filesAdded":0,"filesRemoved":0,"filesRemovedList":[],"filesUnmatched":0,"filesUpdated":0,"matched":0,"total":0,"unchecked":0,"uncheckedKeysByFile":[],"unmatched":0,"updated":0,"didUpdate":false},"startTime":1778654548876,"success":true,"testResults":[{"assertionResults":[{"ancestorTitles":["digestProjectGroup"],"fullName":"digestProjectGroup counts user turns and assistant chars across sessions","status":"passed","title":"counts user turns and assistant chars across sessions","duration":0.5880419999999731,"failureMessages":[],"meta":{}},{"ancestorTitles":["digestProjectGroup"],"fullName":"digestProjectGroup excerpts first and last user message by timestamp","status":"passed","title":"excerpts first and last user message by timestamp","duration":0.1490000000000009,"failureMessages":[],"meta":{}},{"ancestorTitles":["digestProjectGroup"],"fullName":"digestProjectGroup collects distinct tools, sorted","status":"passed","title":"collects distinct tools, sorted","duration":0.45012499999995725,"failureMessages":[],"meta":{}},{"ancestorTitles":["digestProjectGroup"],"fullName":"digestProjectGroup flags worktree sessions based on rawCwd","status":"passed","title":"flags worktree sessions based on rawCwd","duration":0.13620800000001054,"failureMessages":[],"meta":{}},{"ancestorTitles":["digestProjectGroup"],"fullName":"digestProjectGroup truncates long user excerpts to ≤200 chars","status":"passed","title":"truncates long user excerpts to ≤200 chars","duration":0.20837500000004638,"failureMessages":[],"meta":{}}],"startTime":1778654549295,"endTime":1778654549297.2085,"status":"passed","message":"","name":"/Users/m1/projects/TeamBrain/.claude/worktrees/issue-371/packages/core/src/daily-summary/__tests__/aggregator.test.ts"},{"assertionResults":[{"ancestorTitles":["cwd-decode","encodeCwdToProjectDir"],"fullName":"cwd-decode encodeCwdToProjectDir encodes a simple absolute path","status":"passed","title":"encodes a simple absolute path","duration":0.2084580000000642,"failureMessages":[],"meta":{}},{"ancestorTitles":["cwd-decode","encodeCwdToProjectDir"],"fullName":"cwd-decode encodeCwdToProjectDir encodes a path that already contains dashes","status":"passed","title":"encodes a path that already contains dashes","duration":0.11312499999996817,"failureMessages":[],"meta":{}},{"ancestorTitles":["cwd-decode","encodeCwdToProjectDir"],"fullName":"cwd-decode encodeCwdToProjectDir encodes a worktree dotfile path","status":"passed","title":"encodes a worktree dotfile path","duration":0.10354200000006131,"failureMessages":[],"meta":{}},{"ancestorTitles":["cwd-decode","decodeProjectDirToCwd"],"fullName":"cwd-decode decodeProjectDirToCwd decodes a simple project dir","status":"passed","title":"decodes a simple project dir","duration":0.11199999999996635,"failureMessages":[],"meta":{}},{"ancestorTitles":["cwd-decode","decodeProjectDirToCwd"],"fullName":"cwd-decode decodeProjectDirToCwd returns input unchanged when not Claude-encoded","status":"passed","title":"returns input unchanged when not Claude-encoded","duration":0.09662500000001728,"failureMessages":[],"meta":{}},{"ancestorTitles":["cwd-decode","decodeProjectDirToCwd"],"fullName":"cwd-decode decodeProjectDirToCwd documents the lossy `-` ambiguity (path with embedded dash)","status":"passed","title":"documents the lossy `-` ambiguity (path with embedded dash)","duration":0.10166700000002038,"failureMessages":[],"meta":{}},{"ancestorTitles":["cwd-decode","round-trip (dash-free paths)"],"fullName":"cwd-decode round-trip (dash-free paths) round-trips /Users/m1/projects/TeamBrain","status":"passed","title":"round-trips /Users/m1/projects/TeamBrain","duration":0.13916699999992943,"failureMessages":[],"meta":{}},{"ancestorTitles":["cwd-decode","round-trip (dash-free paths)"],"fullName":"cwd-decode round-trip (dash-free paths) round-trips /home/alice/repos/foo","status":"passed","title":"round-trips /home/alice/repos/foo","duration":0.08562499999993634,"failureMessages":[],"meta":{}},{"ancestorTitles":["cwd-decode","round-trip (dash-free paths)"],"fullName":"cwd-decode round-trip (dash-free paths) round-trips /tmp/probe","status":"passed","title":"round-trips /tmp/probe","duration":0.08404199999995399,"failureMessages":[],"meta":{}}],"startTime":1778654549304,"endTime":1778654549305.1392,"status":"passed","message":"","name":"/Users/m1/projects/TeamBrain/.claude/worktrees/issue-371/packages/core/src/daily-summary/__tests__/cwd-decode.test.ts"},{"assertionResults":[{"ancestorTitles":["toProjectKey"],"fullName":"toProjectKey returns plain cwd for a host repo path","status":"passed","title":"returns plain cwd for a host repo path","duration":0.24391700000001038,"failureMessages":[],"meta":{}},{"ancestorTitles":["toProjectKey"],"fullName":"toProjectKey folds .codex/worktrees back to host repo","status":"passed","title":"folds .codex/worktrees back to host repo","duration":0.1101659999999356,"failureMessages":[],"meta":{}},{"ancestorTitles":["toProjectKey"],"fullName":"toProjectKey folds .claude/worktrees back to host repo","status":"passed","title":"folds .claude/worktrees back to host repo","duration":0.11816599999997379,"failureMessages":[],"meta":{}},{"ancestorTitles":["toProjectKey"],"fullName":"toProjectKey differentiates two distinct repos with the same basename","status":"passed","title":"differentiates two distinct repos with the same basename","duration":0.30624999999997726,"failureMessages":[],"meta":{}},{"ancestorTitles":["toProjectKey"],"fullName":"toProjectKey handles trailing slash gracefully","status":"passed","title":"handles trailing slash gracefully","duration":0.13504199999999855,"failureMessages":[],"meta":{}}],"startTime":1778654549316,"endTime":1778654549317.135,"status":"passed","message":"","name":"/Users/m1/projects/TeamBrain/.claude/worktrees/issue-371/packages/core/src/daily-summary/__tests__/project-key.test.ts"},{"assertionResults":[{"ancestorTitles":["matchPrompt (sync)"],"fullName":"matchPrompt (sync) fires on default whitelist phrase: 总结一下今天的日报","status":"passed","title":"fires on default whitelist phrase: 总结一下今天的日报","duration":0.4059589999999389,"failureMessages":[],"meta":{}},{"ancestorTitles":["matchPrompt (sync)"],"fullName":"matchPrompt (sync) fires on default whitelist phrase: 总结今天的日报","status":"passed","title":"fires on default whitelist phrase: 总结今天的日报","duration":0.16649999999992815,"failureMessages":[],"meta":{}},{"ancestorTitles":["matchPrompt (sync)"],"fullName":"matchPrompt (sync) fires on default whitelist phrase: 今日日报","status":"passed","title":"fires on default whitelist phrase: 今日日报","duration":0.12504100000001017,"failureMessages":[],"meta":{}},{"ancestorTitles":["matchPrompt (sync)"],"fullName":"matchPrompt (sync) fires on default whitelist phrase: 生成日报","status":"passed","title":"fires on default whitelist phrase: 生成日报","duration":0.10808399999996254,"failureMessages":[],"meta":{}},{"ancestorTitles":["matchPrompt (sync)"],"fullName":"matchPrompt (sync) fires on default whitelist phrase: daily summary today","status":"passed","title":"fires on default whitelist phrase: daily summary today","duration":0.2915419999999358,"failureMessages":[],"meta":{}},{"ancestorTitles":["matchPrompt (sync)"],"fullName":"matchPrompt (sync) fires on default whitelist phrase: today's daily summary","status":"passed","title":"fires on default whitelist phrase: today's daily summary","duration":0.13858299999992596,"failureMessages":[],"meta":{}},{"ancestorTitles":["matchPrompt (sync)"],"fullName":"matchPrompt (sync) fires on whitelist phrase embedded in larger prompt","status":"passed","title":"fires on whitelist phrase embedded in larger prompt","duration":0.11916600000006383,"failureMessages":[],"meta":{}},{"ancestorTitles":["matchPrompt (sync)"],"fullName":"matchPrompt (sync) fires on slash command: /daily","status":"passed","title":"fires on slash command: /daily","duration":0.10075000000006185,"failureMessages":[],"meta":{}},{"ancestorTitles":["matchPrompt (sync)"],"fullName":"matchPrompt (sync) fires on slash command: /daily --archive","status":"passed","title":"fires on slash command: /daily --archive","duration":0.08583299999997962,"failureMessages":[],"meta":{}},{"ancestorTitles":["matchPrompt (sync)"],"fullName":"matchPrompt (sync) fires on slash command: /daily\nplease","status":"passed","title":"fires on slash command: /daily\nplease","duration":0.08445800000004056,"failureMessages":[],"meta":{}},{"ancestorTitles":["matchPrompt (sync)"],"fullName":"matchPrompt (sync) does not fire on unrelated prompts","status":"passed","title":"does not fire on unrelated prompts","duration":0.10424999999997908,"failureMessages":[],"meta":{}},{"ancestorTitles":["matchPrompt (sync)"],"fullName":"matchPrompt (sync) does not fire on 日报 keyword without whitelist match (sync path)","status":"passed","title":"does not fire on 日报 keyword without whitelist match (sync path)","duration":0.10329200000001038,"failureMessages":[],"meta":{}},{"ancestorTitles":["matchPrompt (sync)"],"fullName":"matchPrompt (sync) honors disabled flag","status":"passed","title":"honors disabled flag","duration":0.10445900000001984,"failureMessages":[],"meta":{}},{"ancestorTitles":["matchPrompt (sync)"],"fullName":"matchPrompt (sync) honors extraTriggers","status":"passed","title":"honors extraTriggers","duration":0.12920800000006238,"failureMessages":[],"meta":{}},{"ancestorTitles":["matchPromptWithIntentCheck (async)"],"fullName":"matchPromptWithIntentCheck (async) returns sync match if whitelist already fired","status":"passed","title":"returns sync match if whitelist already fired","duration":0.15470800000002782,"failureMessages":[],"meta":{}},{"ancestorTitles":["matchPromptWithIntentCheck (async)"],"fullName":"matchPromptWithIntentCheck (async) returns passthrough if no daily keyword present (regardless of checker)","status":"passed","title":"returns passthrough if no daily keyword present (regardless of checker)","duration":0.14737500000001091,"failureMessages":[],"meta":{}},{"ancestorTitles":["matchPromptWithIntentCheck (async)"],"fullName":"matchPromptWithIntentCheck (async) calls intentChecker when keyword present but whitelist missed","status":"passed","title":"calls intentChecker when keyword present but whitelist missed","duration":0.14241699999990942,"failureMessages":[],"meta":{}},{"ancestorTitles":["matchPromptWithIntentCheck (async)"],"fullName":"matchPromptWithIntentCheck (async) degrades gracefully when intentChecker is not provided","status":"passed","title":"degrades gracefully when intentChecker is not provided","duration":0.10483299999998508,"failureMessages":[],"meta":{}},{"ancestorTitles":["matchPromptWithIntentCheck (async)"],"fullName":"matchPromptWithIntentCheck (async) treats intent-checker rejection as passthrough","status":"passed","title":"treats intent-checker rejection as passthrough","duration":0.12129200000003948,"failureMessages":[],"meta":{}},{"ancestorTitles":["matchPromptWithIntentCheck (async)"],"fullName":"matchPromptWithIntentCheck (async) treats intent-checker error as passthrough","status":"passed","title":"treats intent-checker error as passthrough","duration":0.16891599999996743,"failureMessages":[],"meta":{}},{"ancestorTitles":["parseExtraTriggersEnv"],"fullName":"parseExtraTriggersEnv returns [] for undefined and empty","status":"passed","title":"returns [] for undefined and empty","duration":0.25033399999995254,"failureMessages":[],"meta":{}},{"ancestorTitles":["parseExtraTriggersEnv"],"fullName":"parseExtraTriggersEnv splits, trims, and drops empties","status":"passed","title":"splits, trims, and drops empties","duration":0.14170799999999417,"failureMessages":[],"meta":{}}],"startTime":1778654549274,"endTime":1778654549278.2502,"status":"passed","message":"","name":"/Users/m1/projects/TeamBrain/.claude/worktrees/issue-371/packages/core/src/daily-summary/__tests__/prompt-matcher.test.ts"},{"assertionResults":[{"ancestorTitles":["scanTodayActivity"],"fullName":"scanTodayActivity returns empty when projects root does not exist","status":"passed","title":"returns empty when projects root does not exist","duration":1.9029170000000022,"failureMessages":[],"meta":{}},{"ancestorTitles":["scanTodayActivity"],"fullName":"scanTodayActivity filters out yesterday's sessions by mtime","status":"passed","title":"filters out yesterday's sessions by mtime","duration":1.85775000000001,"failureMessages":[],"meta":{}},{"ancestorTitles":["scanTodayActivity"],"fullName":"scanTodayActivity merges a worktree session back to the host project","status":"passed","title":"merges a worktree session back to the host project","duration":0.5647500000000036,"failureMessages":[],"meta":{}},{"ancestorTitles":["scanTodayActivity"],"fullName":"scanTodayActivity treats distinct repos as distinct groups","status":"passed","title":"treats distinct repos as distinct groups","duration":14.667915999999991,"failureMessages":[],"meta":{}}],"startTime":1778654549232,"endTime":1778654549250.668,"status":"passed","message":"","name":"/Users/m1/projects/TeamBrain/.claude/worktrees/issue-371/packages/core/src/daily-summary/__tests__/scanner.test.ts"}]}