{"numTotalTestSuites":6,"numPassedTestSuites":6,"numFailedTestSuites":0,"numPendingTestSuites":0,"numTotalTests":18,"numPassedTests":18,"numFailedTests":0,"numPendingTests":0,"numTodoTests":0,"snapshot":{"added":0,"failure":false,"filesAdded":0,"filesRemoved":0,"filesRemovedList":[],"filesUnmatched":0,"filesUpdated":0,"matched":0,"total":0,"unchecked":0,"uncheckedKeysByFile":[],"unmatched":0,"updated":0,"didUpdate":false},"startTime":1778654550451,"success":true,"testResults":[{"assertionResults":[{"ancestorTitles":["UserPromptSubmit ↔ daily-summary wiring"],"fullName":"UserPromptSubmit ↔ daily-summary wiring does not fire daily-summary on unrelated prompts","status":"passed","title":"does not fire daily-summary on unrelated prompts","duration":1.2066249999998035,"failureMessages":[],"meta":{}},{"ancestorTitles":["UserPromptSubmit ↔ daily-summary wiring"],"fullName":"UserPromptSubmit ↔ daily-summary wiring fires on each grill-mandated whitelist phrase","status":"passed","title":"fires on each grill-mandated whitelist phrase","duration":0.8064999999999145,"failureMessages":[],"meta":{}},{"ancestorTitles":["UserPromptSubmit ↔ daily-summary wiring"],"fullName":"UserPromptSubmit ↔ daily-summary wiring honors TEAMAGENT_DAILY_TRIGGERS env additions like the hook does","status":"passed","title":"honors TEAMAGENT_DAILY_TRIGGERS env additions like the hook does","duration":1.2180829999999787,"failureMessages":[],"meta":{}},{"ancestorTitles":["UserPromptSubmit ↔ daily-summary wiring"],"fullName":"UserPromptSubmit ↔ daily-summary wiring honors TEAMAGENT_DAILY_DISABLED=1 like the hook does","status":"passed","title":"honors TEAMAGENT_DAILY_DISABLED=1 like the hook does","duration":0.9796249999999418,"failureMessages":[],"meta":{}},{"ancestorTitles":["UserPromptSubmit ↔ daily-summary wiring"],"fullName":"UserPromptSubmit ↔ daily-summary wiring end-to-end: matcher fires → executeDaily injects context referencing today's session","status":"passed","title":"end-to-end: matcher fires → executeDaily injects context referencing today's session","duration":2.777541999999812,"failureMessages":[],"meta":{}}],"startTime":1778654551248,"endTime":1778654551254.7776,"status":"passed","message":"","name":"/Users/m1/projects/TeamBrain/.claude/worktrees/issue-371/packages/cli/src/__tests__/bin-user-prompt-submit-daily-injection.test.ts"},{"assertionResults":[{"ancestorTitles":["parseDailyArgs"],"fullName":"parseDailyArgs defaults format to json","status":"passed","title":"defaults format to json","duration":1.4707499999999527,"failureMessages":[],"meta":{}},{"ancestorTitles":["parseDailyArgs"],"fullName":"parseDailyArgs parses --help","status":"passed","title":"parses --help","duration":0.684208000000126,"failureMessages":[],"meta":{}},{"ancestorTitles":["parseDailyArgs"],"fullName":"parseDailyArgs parses --archive","status":"passed","title":"parses --archive","duration":0.14541600000006838,"failureMessages":[],"meta":{}},{"ancestorTitles":["parseDailyArgs"],"fullName":"parseDailyArgs parses --projects-root=","status":"passed","title":"parses --projects-root=","duration":0.34741699999995035,"failureMessages":[],"meta":{}},{"ancestorTitles":["parseDailyArgs"],"fullName":"parseDailyArgs parses --format=","status":"passed","title":"parses --format=","duration":0.2344159999997828,"failureMessages":[],"meta":{}},{"ancestorTitles":["parseDailyArgs"],"fullName":"parseDailyArgs rejects unknown --format","status":"passed","title":"rejects unknown --format","duration":0.6952080000000933,"failureMessages":[],"meta":{}},{"ancestorTitles":["parseDailyArgs"],"fullName":"parseDailyArgs rejects unknown flags","status":"passed","title":"rejects unknown flags","duration":0.17616599999996652,"failureMessages":[],"meta":{}},{"ancestorTitles":["renderDailyHelp"],"fullName":"renderDailyHelp emits canonical JSON with required keys","status":"passed","title":"emits canonical JSON with required keys","duration":0.41862500000002,"failureMessages":[],"meta":{}},{"ancestorTitles":["buildDailyResult + executeDaily integration"],"fullName":"buildDailyResult + executeDaily integration returns an empty result when there are no sessions today","status":"passed","title":"returns an empty result when there are no sessions today","duration":3.0012080000001333,"failureMessages":[],"meta":{}},{"ancestorTitles":["buildDailyResult + executeDaily integration"],"fullName":"buildDailyResult + executeDaily integration aggregates a host repo and its worktree under the same display name","status":"passed","title":"aggregates a host repo and its worktree under the same display name","duration":6.5572910000000775,"failureMessages":[],"meta":{}},{"ancestorTitles":["buildDailyResult + executeDaily integration"],"fullName":"buildDailyResult + executeDaily integration writes the archive to <homeDir>/.teamagent/daily/<date>.md when --archive set","status":"passed","title":"writes the archive to <homeDir>/.teamagent/daily/<date>.md when --archive set","duration":3.7875409999999192,"failureMessages":[],"meta":{}},{"ancestorTitles":["buildDailyResult + executeDaily integration"],"fullName":"buildDailyResult + executeDaily integration honors TEAMAGENT_HOME for archive root","status":"passed","title":"honors TEAMAGENT_HOME for archive root","duration":3.2781250000000455,"failureMessages":[],"meta":{}},{"ancestorTitles":["buildDailyResult + executeDaily integration"],"fullName":"buildDailyResult + executeDaily integration renderDailyStdout emits json by default and context on demand","status":"passed","title":"renderDailyStdout emits json by default and context on demand","duration":2.3000829999998587,"failureMessages":[],"meta":{}}],"startTime":1778654551196,"endTime":1778654551219.3,"status":"passed","message":"","name":"/Users/m1/projects/TeamBrain/.claude/worktrees/issue-371/packages/cli/src/__tests__/daily.test.ts"}]}